<?xml version="1.0" encoding="UTF-8"?>
<!-- Generated by org.testng.reporters.JUnitReportReporter -->
<testsuite skipped="0" hostname="DESKTOP-TA3D90D" name="com.w2a.APITestingFrameworkTestCases.CreateCustomerTest" tests="11" failures="0" timestamp="2020-10-16T20:22:07 EDT" time="5.322" errors="0">
  <testcase name="validateCreateCustomerAPIWithValidSecretKey" time="0.301" classname="com.w2a.APITestingFrameworkTestCases.CreateCustomerTest"/>
  <system-out/>
  <testcase name="validateCreateCustomerAPIWithValidSecretKey" time="0.400" classname="com.w2a.APITestingFrameworkTestCases.CreateCustomerTest"/>
  <system-out/>
  <testcase name="validateCreateCustomerAPIWithValidSecretKey" time="0.333" classname="com.w2a.APITestingFrameworkTestCases.CreateCustomerTest"/>
  <system-out/>
  <testcase name="validateCreateCustomerAPIWithValidSecretKey" time="0.470" classname="com.w2a.APITestingFrameworkTestCases.CreateCustomerTest"/>
  <system-out/>
  <testcase name="validateCreateCustomerAPIWithValidSecretKey" time="0.347" classname="com.w2a.APITestingFrameworkTestCases.CreateCustomerTest"/>
  <system-out/>
  <testcase name="validateCreateCustomerAPIWithValidSecretKey" time="0.341" classname="com.w2a.APITestingFrameworkTestCases.CreateCustomerTest"/>
  <system-out/>
  <testcase name="validateCreateCustomerAPIWithValidSecretKey" time="0.380" classname="com.w2a.APITestingFrameworkTestCases.CreateCustomerTest"/>
  <system-out/>
  <testcase name="validateCreateCustomerAPIWithValidSecretKey" time="0.317" classname="com.w2a.APITestingFrameworkTestCases.CreateCustomerTest"/>
  <system-out/>
  <testcase name="validateCreateCustomerAPIWithValidSecretKey" time="0.330" classname="com.w2a.APITestingFrameworkTestCases.CreateCustomerTest"/>
  <system-out/>
  <testcase name="InvalidateCreateCustomerAPIWithValidSecretKey" time="1.730" classname="com.w2a.APITestingFrameworkTestCases.CreateCustomerTest"/>
  <system-out/>
  <testcase name="validateCreateCustomerAPIWithValidSecretKey" time="0.373" classname="com.w2a.APITestingFrameworkTestCases.CreateCustomerTest"/>
  <system-out/>
</testsuite> <!-- com.w2a.APITestingFrameworkTestCases.CreateCustomerTest -->
